stdio    D         file_stdio.c:110  file_stdio_fopen                 [   0.00000] opening F:\Github\GameCpp\Game\Debug\allegro5.cfg r
system   D            wsystem.c:799  maybe_parent_dir                 [   0.00000] Also searching F:\Github\GameCpp\Game\
system   D            wsystem.c:854  _al_win_safe_load_library        [   0.00000] PathFindOnPath found: C:\WINDOWS\system32\shcore.dll
system   D            wsystem.c:760  load_library_at_path             [   0.00000] Calling LoadLibrary C:\WINDOWS\system32\shcore.dll
system   I            wsystem.c:763  load_library_at_path             [   0.00000] Loaded C:\WINDOWS\system32\shcore.dll
system   I             system.c:267  al_install_system                [   0.00000] Allegro version: 5.2.6
system   D            wsystem.c:799  maybe_parent_dir                 [   0.00108] Also searching F:\Github\GameCpp\Game\
system   D            wsystem.c:854  _al_win_safe_load_library        [   0.00193] PathFindOnPath found: C:\WINDOWS\system32\d3d9.dll
system   D            wsystem.c:760  load_library_at_path             [   0.00225] Calling LoadLibrary C:\WINDOWS\system32\d3d9.dll
system   I            wsystem.c:763  load_library_at_path             [   0.01867] Loaded C:\WINDOWS\system32\d3d9.dll
d3d      I         d3d_disp.cpp:684  d3d_init_display                 [   0.09823] Render-to-texture: 1
d3d      I         d3d_disp.cpp:1778 d3d_create_display_locked        [   0.10033] faux_fullscreen=0
d3d      D         d3d_disp.cpp:1779 d3d_create_display_locked        [   0.10087] al_display=00EC0EB0
d3d      D         d3d_disp.cpp:1780 d3d_create_display_locked        [   0.10116] al_display->vt=00EF4BD0
d3d      I d3d_display_formats.cpp:144  _al_d3d_generate_display_format_list [   0.11175] found 160 format combinations
display  D   display_settings.c:212  debug_display_settings           [   0.11193] color: 32 (rgba 8880), depth: 0, stencil: 0, acc: 0000, samples: 0/0
display  D   display_settings.c:527  _al_score_display_settings       [   0.11210] Score is : 897
display  D   display_settings.c:212  debug_display_settings           [   0.11221] color: 32 (rgba 8880), depth: 0, stencil: 0, acc: 0000, samples: 0/0
display  D   display_settings.c:527  _al_score_display_settings       [   0.11237] Score is : 897
display  D   display_settings.c:212  debug_display_settings           [   0.11250] color: 32 (rgba 8880), depth: 0, stencil: 0, acc: 0000, samples: 2/1
display  D   display_settings.c:527  _al_score_display_settings       [   0.11260] Score is : 726
display  D   display_settings.c:212  debug_display_settings           [   0.11270] color: 32 (rgba 8880), depth: 0, stencil: 0, acc: 0000, samples: 3/1
display  D   display_settings.c:527  _al_score_display_settings       [   0.11279] Score is : 721
display  D   display_settings.c:212  debug_display_settings           [   0.11288] color: 32 (rgba 8880), depth: 0, stencil: 0, acc: 0000, samples: 4/1
display  D   display_settings.c:527  _al_score_display_settings       [   0.11298] Score is : 717
display  D   display_settings.c:212  debug_display_settings           [   0.11310] color: 32 (rgba 8880), depth: 24, stencil: 8, acc: 0000, samples: 0/0
display  D   display_settings.c:527  _al_score_display_settings       [   0.11322] Score is : 897
display  D   display_settings.c:212  debug_display_settings           [   0.11331] color: 32 (rgba 8880), depth: 24, stencil: 8, acc: 0000, samples: 0/0
display  D   display_settings.c:527  _al_score_display_settings       [   0.11341] Score is : 897
display  D   display_settings.c:212  debug_display_settings           [   0.11350] color: 32 (rgba 8880), depth: 24, stencil: 8, acc: 0000, samples: 2/1
display  D   display_settings.c:527  _al_score_display_settings       [   0.11360] Score is : 726
display  D   display_settings.c:212  debug_display_settings           [   0.11369] color: 32 (rgba 8880), depth: 24, stencil: 8, acc: 0000, samples: 3/1
display  D   display_settings.c:527  _al_score_display_settings       [   0.11380] Score is : 721
display  D   display_settings.c:212  debug_display_settings           [   0.11390] color: 32 (rgba 8880), depth: 24, stencil: 8, acc: 0000, samples: 4/1
display  D   display_settings.c:527  _al_score_display_settings       [   0.11409] Score is : 717
display  D   display_settings.c:212  debug_display_settings           [   0.11419] color: 32 (rgba 8880), depth: 24, stencil: 0, acc: 0000, samples: 0/0
display  D   display_settings.c:527  _al_score_display_settings       [   0.11429] Score is : 897
display  D   display_settings.c:212  debug_display_settings           [   0.11440] color: 32 (rgba 8880), depth: 24, stencil: 0, acc: 0000, samples: 0/0
display  D   display_settings.c:527  _al_score_display_settings       [   0.11453] Score is : 897
display  D   display_settings.c:212  debug_display_settings           [   0.11463] color: 32 (rgba 8880), depth: 24, stencil: 0, acc: 0000, samples: 2/1
display  D   display_settings.c:527  _al_score_display_settings       [   0.11474] Score is : 726
display  D   display_settings.c:212  debug_display_settings           [   0.11486] color: 32 (rgba 8880), depth: 24, stencil: 0, acc: 0000, samples: 3/1
display  D   display_settings.c:527  _al_score_display_settings       [   0.11497] Score is : 721
display  D   display_settings.c:212  debug_display_settings           [   0.11506] color: 32 (rgba 8880), depth: 24, stencil: 0, acc: 0000, samples: 4/1
display  D   display_settings.c:527  _al_score_display_settings       [   0.11518] Score is : 717
display  D   display_settings.c:212  debug_display_settings           [   0.11527] color: 32 (rgba 8880), depth: 16, stencil: 0, acc: 0000, samples: 0/0
display  D   display_settings.c:527  _al_score_display_settings       [   0.11545] Score is : 897
display  D   display_settings.c:212  debug_display_settings           [   0.11560] color: 32 (rgba 8880), depth: 16, stencil: 0, acc: 0000, samples: 0/0
display  D   display_settings.c:527  _al_score_display_settings       [   0.11572] Score is : 897
display  D   display_settings.c:212  debug_display_settings           [   0.11584] color: 32 (rgba 8880), depth: 16, stencil: 0, acc: 0000, samples: 2/1
display  D   display_settings.c:527  _al_score_display_settings       [   0.11595] Score is : 726
display  D   display_settings.c:212  debug_display_settings           [   0.11603] color: 32 (rgba 8880), depth: 16, stencil: 0, acc: 0000, samples: 3/1
display  D   display_settings.c:527  _al_score_display_settings       [   0.11612] Score is : 721
display  D   display_settings.c:212  debug_display_settings           [   0.11623] color: 32 (rgba 8880), depth: 16, stencil: 0, acc: 0000, samples: 4/1
display  D   display_settings.c:527  _al_score_display_settings       [   0.11634] Score is : 717
display  D   display_settings.c:212  debug_display_settings           [   0.11643] color: 16 (rgba 5650), depth: 0, stencil: 0, acc: 0000, samples: 0/0
display  D   display_settings.c:527  _al_score_display_settings       [   0.11652] Score is : 897
display  D   display_settings.c:212  debug_display_settings           [   0.11660] color: 16 (rgba 5650), depth: 0, stencil: 0, acc: 0000, samples: 0/0
display  D   display_settings.c:527  _al_score_display_settings       [   0.11671] Score is : 897
display  D   display_settings.c:212  debug_display_settings           [   0.11680] color: 16 (rgba 5650), depth: 0, stencil: 0, acc: 0000, samples: 2/1
display  D   display_settings.c:527  _al_score_display_settings       [   0.11691] Score is : 726
display  D   display_settings.c:212  debug_display_settings           [   0.11700] color: 16 (rgba 5650), depth: 0, stencil: 0, acc: 0000, samples: 3/1
display  D   display_settings.c:527  _al_score_display_settings       [   0.11712] Score is : 721
display  D   display_settings.c:212  debug_display_settings           [   0.11722] color: 16 (rgba 5650), depth: 0, stencil: 0, acc: 0000, samples: 4/1
display  D   display_settings.c:527  _al_score_display_settings       [   0.11734] Score is : 717
display  D   display_settings.c:212  debug_display_settings           [   0.11743] color: 16 (rgba 5650), depth: 24, stencil: 8, acc: 0000, samples: 0/0
display  D   display_settings.c:527  _al_score_display_settings       [   0.11754] Score is : 897
display  D   display_settings.c:212  debug_display_settings           [   0.11764] color: 16 (rgba 5650), depth: 24, stencil: 8, acc: 0000, samples: 0/0
display  D   display_settings.c:527  _al_score_display_settings       [   0.11773] Score is : 897
display  D   display_settings.c:212  debug_display_settings           [   0.11782] color: 16 (rgba 5650), depth: 24, stencil: 8, acc: 0000, samples: 2/1
display  D   display_settings.c:527  _al_score_display_settings       [   0.11793] Score is : 726
display  D   display_settings.c:212  debug_display_settings           [   0.11804] color: 16 (rgba 5650), depth: 24, stencil: 8, acc: 0000, samples: 3/1
display  D   display_settings.c:527  _al_score_display_settings       [   0.11815] Score is : 721
display  D   display_settings.c:212  debug_display_settings           [   0.11823] color: 16 (rgba 5650), depth: 24, stencil: 8, acc: 0000, samples: 4/1
display  D   display_settings.c:527  _al_score_display_settings       [   0.11833] Score is : 717
display  D   display_settings.c:212  debug_display_settings           [   0.11842] color: 16 (rgba 5650), depth: 24, stencil: 0, acc: 0000, samples: 0/0
display  D   display_settings.c:527  _al_score_display_settings       [   0.11851] Score is : 897
display  D   display_settings.c:212  debug_display_settings           [   0.11863] color: 16 (rgba 5650), depth: 24, stencil: 0, acc: 0000, samples: 0/0
display  D   display_settings.c:527  _al_score_display_settings       [   0.11874] Score is : 897
display  D   display_settings.c:212  debug_display_settings           [   0.11885] color: 16 (rgba 5650), depth: 24, stencil: 0, acc: 0000, samples: 2/1
display  D   display_settings.c:527  _al_score_display_settings       [   0.11896] Score is : 726
display  D   display_settings.c:212  debug_display_settings           [   0.11907] color: 16 (rgba 5650), depth: 24, stencil: 0, acc: 0000, samples: 3/1
display  D   display_settings.c:527  _al_score_display_settings       [   0.11917] Score is : 721
display  D   display_settings.c:212  debug_display_settings           [   0.11926] color: 16 (rgba 5650), depth: 24, stencil: 0, acc: 0000, samples: 4/1
display  D   display_settings.c:527  _al_score_display_settings       [   0.11935] Score is : 717
display  D   display_settings.c:212  debug_display_settings           [   0.11944] color: 16 (rgba 5650), depth: 16, stencil: 0, acc: 0000, samples: 0/0
display  D   display_settings.c:527  _al_score_display_settings       [   0.11958] Score is : 897
display  D   display_settings.c:212  debug_display_settings           [   0.11975] color: 16 (rgba 5650), depth: 16, stencil: 0, acc: 0000, samples: 0/0
display  D   display_settings.c:527  _al_score_display_settings       [   0.11987] Score is : 897
display  D   display_settings.c:212  debug_display_settings           [   0.11998] color: 16 (rgba 5650), depth: 16, stencil: 0, acc: 0000, samples: 2/1
display  D   display_settings.c:527  _al_score_display_settings       [   0.12025] Score is : 726
display  D   display_settings.c:212  debug_display_settings           [   0.12034] color: 16 (rgba 5650), depth: 16, stencil: 0, acc: 0000, samples: 3/1
display  D   display_settings.c:527  _al_score_display_settings       [   0.12044] Score is : 721
display  D   display_settings.c:212  debug_display_settings           [   0.12054] color: 16 (rgba 5650), depth: 16, stencil: 0, acc: 0000, samples: 4/1
display  D   display_settings.c:527  _al_score_display_settings       [   0.12066] Score is : 717
display  D   display_settings.c:212  debug_display_settings           [   0.12077] color: 32 (rgba 8880), depth: 0, stencil: 0, acc: 0000, samples: 0/0
display  D   display_settings.c:398  _al_score_display_settings       [   0.12089] Single Buffer requirement not met.
display  D   display_settings.c:212  debug_display_settings           [   0.12099] color: 32 (rgba 8880), depth: 0, stencil: 0, acc: 0000, samples: 0/0
display  D   display_settings.c:398  _al_score_display_settings       [   0.12112] Single Buffer requirement not met.
display  D   display_settings.c:212  debug_display_settings           [   0.12122] color: 32 (rgba 8880), depth: 0, stencil: 0, acc: 0000, samples: 2/1
display  D   display_settings.c:398  _al_score_display_settings       [   0.12132] Single Buffer requirement not met.
display  D   display_settings.c:212  debug_display_settings           [   0.12143] color: 32 (rgba 8880), depth: 0, stencil: 0, acc: 0000, samples: 3/1
display  D   display_settings.c:398  _al_score_display_settings       [   0.12153] Single Buffer requirement not met.
display  D   display_settings.c:212  debug_display_settings           [   0.12162] color: 32 (rgba 8880), depth: 0, stencil: 0, acc: 0000, samples: 4/1
display  D   display_settings.c:398  _al_score_display_settings       [   0.12172] Single Buffer requirement not met.
display  D   display_settings.c:212  debug_display_settings           [   0.12181] color: 32 (rgba 8880), depth: 24, stencil: 8, acc: 0000, samples: 0/0
display  D   display_settings.c:398  _al_score_display_settings       [   0.12192] Single Buffer requirement not met.
display  D   display_settings.c:212  debug_display_settings           [   0.12208] color: 32 (rgba 8880), depth: 24, stencil: 8, acc: 0000, samples: 0/0
display  D   display_settings.c:398  _al_score_display_settings       [   0.12220] Single Buffer requirement not met.
display  D   display_settings.c:212  debug_display_settings           [   0.12231] color: 32 (rgba 8880), depth: 24, stencil: 8, acc: 0000, samples: 2/1
display  D   display_settings.c:398  _al_score_display_settings       [   0.12243] Single Buffer requirement not met.
display  D   display_settings.c:212  debug_display_settings           [   0.12254] color: 32 (rgba 8880), depth: 24, stencil: 8, acc: 0000, samples: 3/1
display  D   display_settings.c:398  _al_score_display_settings       [   0.12265] Single Buffer requirement not met.
display  D   display_settings.c:212  debug_display_settings           [   0.12276] color: 32 (rgba 8880), depth: 24, stencil: 8, acc: 0000, samples: 4/1
display  D   display_settings.c:398  _al_score_display_settings       [   0.12297] Single Buffer requirement not met.
display  D   display_settings.c:212  debug_display_settings           [   0.12307] color: 32 (rgba 8880), depth: 24, stencil: 0, acc: 0000, samples: 0/0
display  D   display_settings.c:398  _al_score_display_settings       [   0.12319] Single Buffer requirement not met.
display  D   display_settings.c:212  debug_display_settings           [   0.12337] color: 32 (rgba 8880), depth: 24, stencil: 0, acc: 0000, samples: 0/0
display  D   display_settings.c:398  _al_score_display_settings       [   0.12351] Single Buffer requirement not met.
display  D   display_settings.c:212  debug_display_settings           [   0.12360] color: 32 (rgba 8880), depth: 24, stencil: 0, acc: 0000, samples: 2/1
display  D   display_settings.c:398  _al_score_display_settings       [   0.12374] Single Buffer requirement not met.
display  D   display_settings.c:212  debug_display_settings           [   0.12387] color: 32 (rgba 8880), depth: 24, stencil: 0, acc: 0000, samples: 3/1
display  D   display_settings.c:398  _al_score_display_settings       [   0.12398] Single Buffer requirement not met.
display  D   display_settings.c:212  debug_display_settings           [   0.12407] color: 32 (rgba 8880), depth: 24, stencil: 0, acc: 0000, samples: 4/1
display  D   display_settings.c:398  _al_score_display_settings       [   0.12418] Single Buffer requirement not met.
display  D   display_settings.c:212  debug_display_settings           [   0.12428] color: 32 (rgba 8880), depth: 16, stencil: 0, acc: 0000, samples: 0/0
display  D   display_settings.c:398  _al_score_display_settings       [   0.12438] Single Buffer requirement not met.
display  D   display_settings.c:212  debug_display_settings           [   0.12446] color: 32 (rgba 8880), depth: 16, stencil: 0, acc: 0000, samples: 0/0
display  D   display_settings.c:398  _al_score_display_settings       [   0.12465] Single Buffer requirement not met.
display  D   display_settings.c:212  debug_display_settings           [   0.12475] color: 32 (rgba 8880), depth: 16, stencil: 0, acc: 0000, samples: 2/1
display  D   display_settings.c:398  _al_score_display_settings       [   0.12487] Single Buffer requirement not met.
display  D   display_settings.c:212  debug_display_settings           [   0.12497] color: 32 (rgba 8880), depth: 16, stencil: 0, acc: 0000, samples: 3/1
display  D   display_settings.c:398  _al_score_display_settings       [   0.12507] Single Buffer requirement not met.
display  D   display_settings.c:212  debug_display_settings           [   0.12518] color: 32 (rgba 8880), depth: 16, stencil: 0, acc: 0000, samples: 4/1
display  D   display_settings.c:398  _al_score_display_settings       [   0.12529] Single Buffer requirement not met.
display  D   display_settings.c:212  debug_display_settings           [   0.12538] color: 16 (rgba 5650), depth: 0, stencil: 0, acc: 0000, samples: 0/0
display  D   display_settings.c:398  _al_score_display_settings       [   0.12550] Single Buffer requirement not met.
display  D   display_settings.c:212  debug_display_settings           [   0.12562] color: 16 (rgba 5650), depth: 0, stencil: 0, acc: 0000, samples: 0/0
display  D   display_settings.c:398  _al_score_display_settings       [   0.12573] Single Buffer requirement not met.
display  D   display_settings.c:212  debug_display_settings           [   0.12584] color: 16 (rgba 5650), depth: 0, stencil: 0, acc: 0000, samples: 2/1
display  D   display_settings.c:398  _al_score_display_settings       [   0.12597] Single Buffer requirement not met.
display  D   display_settings.c:212  debug_display_settings           [   0.12606] color: 16 (rgba 5650), depth: 0, stencil: 0, acc: 0000, samples: 3/1
display  D   display_settings.c:398  _al_score_display_settings       [   0.12615] Single Buffer requirement not met.
display  D   display_settings.c:212  debug_display_settings           [   0.12626] color: 16 (rgba 5650), depth: 0, stencil: 0, acc: 0000, samples: 4/1
display  D   display_settings.c:398  _al_score_display_settings       [   0.12636] Single Buffer requirement not met.
display  D   display_settings.c:212  debug_display_settings           [   0.12646] color: 16 (rgba 5650), depth: 24, stencil: 8, acc: 0000, samples: 0/0
display  D   display_settings.c:398  _al_score_display_settings       [   0.12657] Single Buffer requirement not met.
display  D   display_settings.c:212  debug_display_settings           [   0.12666] color: 16 (rgba 5650), depth: 24, stencil: 8, acc: 0000, samples: 0/0
display  D   display_settings.c:398  _al_score_display_settings       [   0.12677] Single Buffer requirement not met.
display  D   display_settings.c:212  debug_display_settings           [   0.12686] color: 16 (rgba 5650), depth: 24, stencil: 8, acc: 0000, samples: 2/1
display  D   display_settings.c:398  _al_score_display_settings       [   0.12696] Single Buffer requirement not met.
display  D   display_settings.c:212  debug_display_settings           [   0.12706] color: 16 (rgba 5650), depth: 24, stencil: 8, acc: 0000, samples: 3/1
display  D   display_settings.c:398  _al_score_display_settings       [   0.12715] Single Buffer requirement not met.
display  D   display_settings.c:212  debug_display_settings           [   0.12725] color: 16 (rgba 5650), depth: 24, stencil: 8, acc: 0000, samples: 4/1
display  D   display_settings.c:398  _al_score_display_settings       [   0.12735] Single Buffer requirement not met.
display  D   display_settings.c:212  debug_display_settings           [   0.12745] color: 16 (rgba 5650), depth: 24, stencil: 0, acc: 0000, samples: 0/0
display  D   display_settings.c:398  _al_score_display_settings       [   0.12755] Single Buffer requirement not met.
display  D   display_settings.c:212  debug_display_settings           [   0.12764] color: 16 (rgba 5650), depth: 24, stencil: 0, acc: 0000, samples: 0/0
display  D   display_settings.c:398  _al_score_display_settings       [   0.12775] Single Buffer requirement not met.
display  D   display_settings.c:212  debug_display_settings           [   0.12785] color: 16 (rgba 5650), depth: 24, stencil: 0, acc: 0000, samples: 2/1
display  D   display_settings.c:398  _al_score_display_settings       [   0.12795] Single Buffer requirement not met.
display  D   display_settings.c:212  debug_display_settings           [   0.12806] color: 16 (rgba 5650), depth: 24, stencil: 0, acc: 0000, samples: 3/1
display  D   display_settings.c:398  _al_score_display_settings       [   0.12815] Single Buffer requirement not met.
display  D   display_settings.c:212  debug_display_settings           [   0.12827] color: 16 (rgba 5650), depth: 24, stencil: 0, acc: 0000, samples: 4/1
display  D   display_settings.c:398  _al_score_display_settings       [   0.12840] Single Buffer requirement not met.
display  D   display_settings.c:212  debug_display_settings           [   0.12848] color: 16 (rgba 5650), depth: 16, stencil: 0, acc: 0000, samples: 0/0
display  D   display_settings.c:398  _al_score_display_settings       [   0.12859] Single Buffer requirement not met.
display  D   display_settings.c:212  debug_display_settings           [   0.12868] color: 16 (rgba 5650), depth: 16, stencil: 0, acc: 0000, samples: 0/0
display  D   display_settings.c:398  _al_score_display_settings       [   0.12879] Single Buffer requirement not met.
display  D   display_settings.c:212  debug_display_settings           [   0.12889] color: 16 (rgba 5650), depth: 16, stencil: 0, acc: 0000, samples: 2/1
display  D   display_settings.c:398  _al_score_display_settings       [   0.12902] Single Buffer requirement not met.
display  D   display_settings.c:212  debug_display_settings           [   0.12913] color: 16 (rgba 5650), depth: 16, stencil: 0, acc: 0000, samples: 3/1
display  D   display_settings.c:398  _al_score_display_settings       [   0.12925] Single Buffer requirement not met.
display  D   display_settings.c:212  debug_display_settings           [   0.12935] color: 16 (rgba 5650), depth: 16, stencil: 0, acc: 0000, samples: 4/1
display  D   display_settings.c:398  _al_score_display_settings       [   0.12946] Single Buffer requirement not met.
display  D   display_settings.c:212  debug_display_settings           [   0.12955] color: 32 (rgba 8880), depth: 0, stencil: 0, acc: 0000, samples: 0/0
display  D   display_settings.c:527  _al_score_display_settings       [   0.12964] Score is : 769
display  D   display_settings.c:212  debug_display_settings           [   0.12975] color: 32 (rgba 8880), depth: 0, stencil: 0, acc: 0000, samples: 0/0
display  D   display_settings.c:527  _al_score_display_settings       [   0.12988] Score is : 769
display  D   display_settings.c:212  debug_display_settings           [   0.12999] color: 32 (rgba 8880), depth: 0, stencil: 0, acc: 0000, samples: 2/1
display  D   display_settings.c:527  _al_score_display_settings       [   0.13017] Score is : 598
display  D   display_settings.c:212  debug_display_settings           [   0.13028] color: 32 (rgba 8880), depth: 0, stencil: 0, acc: 0000, samples: 3/1
display  D   display_settings.c:527  _al_score_display_settings       [   0.13098] Score is : 593
display  D   display_settings.c:212  debug_display_settings           [   0.13166] color: 32 (rgba 8880), depth: 0, stencil: 0, acc: 0000, samples: 4/1
display  D   display_settings.c:527  _al_score_display_settings       [   0.13213] Score is : 589
display  D   display_settings.c:212  debug_display_settings           [   0.13281] color: 32 (rgba 8880), depth: 24, stencil: 8, acc: 0000, samples: 0/0
display  D   display_settings.c:527  _al_score_display_settings       [   0.13359] Score is : 769
display  D   display_settings.c:212  debug_display_settings           [   0.13397] color: 32 (rgba 8880), depth: 24, stencil: 8, acc: 0000, samples: 0/0
display  D   display_settings.c:527  _al_score_display_settings       [   0.13438] Score is : 769
display  D   display_settings.c:212  debug_display_settings           [   0.13488] color: 32 (rgba 8880), depth: 24, stencil: 8, acc: 0000, samples: 2/1
display  D   display_settings.c:527  _al_score_display_settings       [   0.13536] Score is : 598
display  D   display_settings.c:212  debug_display_settings           [   0.13593] color: 32 (rgba 8880), depth: 24, stencil: 8, acc: 0000, samples: 3/1
display  D   display_settings.c:527  _al_score_display_settings       [   0.13665] Score is : 593
display  D   display_settings.c:212  debug_display_settings           [   0.13717] color: 32 (rgba 8880), depth: 24, stencil: 8, acc: 0000, samples: 4/1
display  D   display_settings.c:527  _al_score_display_settings       [   0.13776] Score is : 589
display  D   display_settings.c:212  debug_display_settings           [   0.13823] color: 32 (rgba 8880), depth: 24, stencil: 0, acc: 0000, samples: 0/0
display  D   display_settings.c:527  _al_score_display_settings       [   0.13871] Score is : 769
display  D   display_settings.c:212  debug_display_settings           [   0.13945] color: 32 (rgba 8880), depth: 24, stencil: 0, acc: 0000, samples: 0/0
display  D   display_settings.c:527  _al_score_display_settings       [   0.13999] Score is : 769
display  D   display_settings.c:212  debug_display_settings           [   0.14069] color: 32 (rgba 8880), depth: 24, stencil: 0, acc: 0000, samples: 2/1
display  D   display_settings.c:527  _al_score_display_settings       [   0.14232] Score is : 598
display  D   display_settings.c:212  debug_display_settings           [   0.14301] color: 32 (rgba 8880), depth: 24, stencil: 0, acc: 0000, samples: 3/1
display  D   display_settings.c:527  _al_score_display_settings       [   0.14426] Score is : 593
display  D   display_settings.c:212  debug_display_settings           [   0.14485] color: 32 (rgba 8880), depth: 24, stencil: 0, acc: 0000, samples: 4/1
display  D   display_settings.c:527  _al_score_display_settings       [   0.14519] Score is : 589
display  D   display_settings.c:212  debug_display_settings           [   0.14573] color: 32 (rgba 8880), depth: 16, stencil: 0, acc: 0000, samples: 0/0
display  D   display_settings.c:527  _al_score_display_settings       [   0.14610] Score is : 769
display  D   display_settings.c:212  debug_display_settings           [   0.14648] color: 32 (rgba 8880), depth: 16, stencil: 0, acc: 0000, samples: 0/0
display  D   display_settings.c:527  _al_score_display_settings       [   0.14714] Score is : 769
display  D   display_settings.c:212  debug_display_settings           [   0.14806] color: 32 (rgba 8880), depth: 16, stencil: 0, acc: 0000, samples: 2/1
display  D   display_settings.c:527  _al_score_display_settings       [   0.14849] Score is : 598
display  D   display_settings.c:212  debug_display_settings           [   0.14864] color: 32 (rgba 8880), depth: 16, stencil: 0, acc: 0000, samples: 3/1
display  D   display_settings.c:527  _al_score_display_settings       [   0.14912] Score is : 593
display  D   display_settings.c:212  debug_display_settings           [   0.14953] color: 32 (rgba 8880), depth: 16, stencil: 0, acc: 0000, samples: 4/1
display  D   display_settings.c:527  _al_score_display_settings       [   0.15008] Score is : 589
display  D   display_settings.c:212  debug_display_settings           [   0.15066] color: 16 (rgba 5650), depth: 0, stencil: 0, acc: 0000, samples: 0/0
display  D   display_settings.c:527  _al_score_display_settings       [   0.15122] Score is : 769
display  D   display_settings.c:212  debug_display_settings           [   0.15233] color: 16 (rgba 5650), depth: 0, stencil: 0, acc: 0000, samples: 0/0
display  D   display_settings.c:527  _al_score_display_settings       [   0.15300] Score is : 769
display  D   display_settings.c:212  debug_display_settings           [   0.15357] color: 16 (rgba 5650), depth: 0, stencil: 0, acc: 0000, samples: 2/1
display  D   display_settings.c:527  _al_score_display_settings       [   0.15415] Score is : 598
display  D   display_settings.c:212  debug_display_settings           [   0.15467] color: 16 (rgba 5650), depth: 0, stencil: 0, acc: 0000, samples: 3/1
display  D   display_settings.c:527  _al_score_display_settings       [   0.15523] Score is : 593
display  D   display_settings.c:212  debug_display_settings           [   0.15584] color: 16 (rgba 5650), depth: 0, stencil: 0, acc: 0000, samples: 4/1
display  D   display_settings.c:527  _al_score_display_settings       [   0.15629] Score is : 589
display  D   display_settings.c:212  debug_display_settings           [   0.15688] color: 16 (rgba 5650), depth: 24, stencil: 8, acc: 0000, samples: 0/0
display  D   display_settings.c:527  _al_score_display_settings       [   0.15764] Score is : 769
display  D   display_settings.c:212  debug_display_settings           [   0.15807] color: 16 (rgba 5650), depth: 24, stencil: 8, acc: 0000, samples: 0/0
display  D   display_settings.c:527  _al_score_display_settings       [   0.15841] Score is : 769
display  D   display_settings.c:212  debug_display_settings           [   0.15903] color: 16 (rgba 5650), depth: 24, stencil: 8, acc: 0000, samples: 2/1
display  D   display_settings.c:527  _al_score_display_settings       [   0.15974] Score is : 598
display  D   display_settings.c:212  debug_display_settings           [   0.16062] color: 16 (rgba 5650), depth: 24, stencil: 8, acc: 0000, samples: 3/1
display  D   display_settings.c:527  _al_score_display_settings       [   0.16147] Score is : 593
display  D   display_settings.c:212  debug_display_settings           [   0.16195] color: 16 (rgba 5650), depth: 24, stencil: 8, acc: 0000, samples: 4/1
display  D   display_settings.c:527  _al_score_display_settings       [   0.16271] Score is : 589
display  D   display_settings.c:212  debug_display_settings           [   0.16312] color: 16 (rgba 5650), depth: 24, stencil: 0, acc: 0000, samples: 0/0
display  D   display_settings.c:527  _al_score_display_settings       [   0.16366] Score is : 769
display  D   display_settings.c:212  debug_display_settings           [   0.16411] color: 16 (rgba 5650), depth: 24, stencil: 0, acc: 0000, samples: 0/0
display  D   display_settings.c:527  _al_score_display_settings       [   0.16445] Score is : 769
display  D   display_settings.c:212  debug_display_settings           [   0.16528] color: 16 (rgba 5650), depth: 24, stencil: 0, acc: 0000, samples: 2/1
display  D   display_settings.c:527  _al_score_display_settings       [   0.16561] Score is : 598
display  D   display_settings.c:212  debug_display_settings           [   0.16579] color: 16 (rgba 5650), depth: 24, stencil: 0, acc: 0000, samples: 3/1
display  D   display_settings.c:527  _al_score_display_settings       [   0.16611] Score is : 593
display  D   display_settings.c:212  debug_display_settings           [   0.16627] color: 16 (rgba 5650), depth: 24, stencil: 0, acc: 0000, samples: 4/1
display  D   display_settings.c:527  _al_score_display_settings       [   0.16641] Score is : 589
display  D   display_settings.c:212  debug_display_settings           [   0.16655] color: 16 (rgba 5650), depth: 16, stencil: 0, acc: 0000, samples: 0/0
display  D   display_settings.c:527  _al_score_display_settings       [   0.16677] Score is : 769
display  D   display_settings.c:212  debug_display_settings           [   0.16690] color: 16 (rgba 5650), depth: 16, stencil: 0, acc: 0000, samples: 0/0
display  D   display_settings.c:527  _al_score_display_settings       [   0.16705] Score is : 769
display  D   display_settings.c:212  debug_display_settings           [   0.16719] color: 16 (rgba 5650), depth: 16, stencil: 0, acc: 0000, samples: 2/1
display  D   display_settings.c:527  _al_score_display_settings       [   0.16739] Score is : 598
display  D   display_settings.c:212  debug_display_settings           [   0.16750] color: 16 (rgba 5650), depth: 16, stencil: 0, acc: 0000, samples: 3/1
display  D   display_settings.c:527  _al_score_display_settings       [   0.16766] Score is : 593
display  D   display_settings.c:212  debug_display_settings           [   0.16778] color: 16 (rgba 5650), depth: 16, stencil: 0, acc: 0000, samples: 4/1
display  D   display_settings.c:527  _al_score_display_settings       [   0.16798] Score is : 589
display  D   display_settings.c:212  debug_display_settings           [   0.16808] color: 32 (rgba 8880), depth: 0, stencil: 0, acc: 0000, samples: 0/0
display  D   display_settings.c:398  _al_score_display_settings       [   0.16820] Single Buffer requirement not met.
display  D   display_settings.c:212  debug_display_settings           [   0.16832] color: 32 (rgba 8880), depth: 0, stencil: 0, acc: 0000, samples: 0/0
display  D   display_settings.c:398  _al_score_display_settings       [   0.16844] Single Buffer requirement not met.
display  D   display_settings.c:212  debug_display_settings           [   0.16854] color: 32 (rgba 8880), depth: 0, stencil: 0, acc: 0000, samples: 2/1
display  D   display_settings.c:398  _al_score_display_settings       [   0.16866] Single Buffer requirement not met.
display  D   display_settings.c:212  debug_display_settings           [   0.16879] color: 32 (rgba 8880), depth: 0, stencil: 0, acc: 0000, samples: 3/1
display  D   display_settings.c:398  _al_score_display_settings       [   0.16895] Single Buffer requirement not met.
display  D   display_settings.c:212  debug_display_settings           [   0.16908] color: 32 (rgba 8880), depth: 0, stencil: 0, acc: 0000, samples: 4/1
display  D   display_settings.c:398  _al_score_display_settings       [   0.16919] Single Buffer requirement not met.
display  D   display_settings.c:212  debug_display_settings           [   0.16930] color: 32 (rgba 8880), depth: 24, stencil: 8, acc: 0000, samples: 0/0
display  D   display_settings.c:398  _al_score_display_settings       [   0.16943] Single Buffer requirement not met.
display  D   display_settings.c:212  debug_display_settings           [   0.16953] color: 32 (rgba 8880), depth: 24, stencil: 8, acc: 0000, samples: 0/0
display  D   display_settings.c:398  _al_score_display_settings       [   0.16966] Single Buffer requirement not met.
display  D   display_settings.c:212  debug_display_settings           [   0.16977] color: 32 (rgba 8880), depth: 24, stencil: 8, acc: 0000, samples: 2/1
display  D   display_settings.c:398  _al_score_display_settings       [   0.16998] Single Buffer requirement not met.
display  D   display_settings.c:212  debug_display_settings           [   0.17021] color: 32 (rgba 8880), depth: 24, stencil: 8, acc: 0000, samples: 3/1
display  D   display_settings.c:398  _al_score_display_settings       [   0.17041] Single Buffer requirement not met.
display  D   display_settings.c:212  debug_display_settings           [   0.17056] color: 32 (rgba 8880), depth: 24, stencil: 8, acc: 0000, samples: 4/1
display  D   display_settings.c:398  _al_score_display_settings       [   0.17077] Single Buffer requirement not met.
display  D   display_settings.c:212  debug_display_settings           [   0.17092] color: 32 (rgba 8880), depth: 24, stencil: 0, acc: 0000, samples: 0/0
display  D   display_settings.c:398  _al_score_display_settings       [   0.17108] Single Buffer requirement not met.
display  D   display_settings.c:212  debug_display_settings           [   0.17122] color: 32 (rgba 8880), depth: 24, stencil: 0, acc: 0000, samples: 0/0
display  D   display_settings.c:398  _al_score_display_settings       [   0.17158] Single Buffer requirement not met.
display  D   display_settings.c:212  debug_display_settings           [   0.17177] color: 32 (rgba 8880), depth: 24, stencil: 0, acc: 0000, samples: 2/1
display  D   display_settings.c:398  _al_score_display_settings       [   0.17260] Single Buffer requirement not met.
display  D   display_settings.c:212  debug_display_settings           [   0.17316] color: 32 (rgba 8880), depth: 24, stencil: 0, acc: 0000, samples: 3/1
display  D   display_settings.c:398  _al_score_display_settings       [   0.17360] Single Buffer requirement not met.
display  D   display_settings.c:212  debug_display_settings           [   0.17415] color: 32 (rgba 8880), depth: 24, stencil: 0, acc: 0000, samples: 4/1
display  D   display_settings.c:398  _al_score_display_settings       [   0.17476] Single Buffer requirement not met.
display  D   display_settings.c:212  debug_display_settings           [   0.17551] color: 32 (rgba 8880), depth: 16, stencil: 0, acc: 0000, samples: 0/0
display  D   display_settings.c:398  _al_score_display_settings       [   0.17610] Single Buffer requirement not met.
display  D   display_settings.c:212  debug_display_settings           [   0.17670] color: 32 (rgba 8880), depth: 16, stencil: 0, acc: 0000, samples: 0/0
display  D   display_settings.c:398  _al_score_display_settings       [   0.17725] Single Buffer requirement not met.
display  D   display_settings.c:212  debug_display_settings           [   0.17787] color: 32 (rgba 8880), depth: 16, stencil: 0, acc: 0000, samples: 2/1
display  D   display_settings.c:398  _al_score_display_settings       [   0.17832] Single Buffer requirement not met.
display  D   display_settings.c:212  debug_display_settings           [   0.17907] color: 32 (rgba 8880), depth: 16, stencil: 0, acc: 0000, samples: 3/1
display  D   display_settings.c:398  _al_score_display_settings       [   0.17952] Single Buffer requirement not met.
display  D   display_settings.c:212  debug_display_settings           [   0.18058] color: 32 (rgba 8880), depth: 16, stencil: 0, acc: 0000, samples: 4/1
display  D   display_settings.c:398  _al_score_display_settings       [   0.18125] Single Buffer requirement not met.
display  D   display_settings.c:212  debug_display_settings           [   0.18298] color: 16 (rgba 5650), depth: 0, stencil: 0, acc: 0000, samples: 0/0
display  D   display_settings.c:398  _al_score_display_settings       [   0.18391] Single Buffer requirement not met.
display  D   display_settings.c:212  debug_display_settings           [   0.18470] color: 16 (rgba 5650), depth: 0, stencil: 0, acc: 0000, samples: 0/0
display  D   display_settings.c:398  _al_score_display_settings       [   0.18598] Single Buffer requirement not met.
display  D   display_settings.c:212  debug_display_settings           [   0.18668] color: 16 (rgba 5650), depth: 0, stencil: 0, acc: 0000, samples: 2/1
display  D   display_settings.c:398  _al_score_display_settings       [   0.18726] Single Buffer requirement not met.
display  D   display_settings.c:212  debug_display_settings           [   0.18909] color: 16 (rgba 5650), depth: 0, stencil: 0, acc: 0000, samples: 3/1
display  D   display_settings.c:398  _al_score_display_settings       [   0.19347] Single Buffer requirement not met.
display  D   display_settings.c:212  debug_display_settings           [   0.19520] color: 16 (rgba 5650), depth: 0, stencil: 0, acc: 0000, samples: 4/1
display  D   display_settings.c:398  _al_score_display_settings       [   0.19697] Single Buffer requirement not met.
display  D   display_settings.c:212  debug_display_settings           [   0.19886] color: 16 (rgba 5650), depth: 24, stencil: 8, acc: 0000, samples: 0/0
display  D   display_settings.c:398  _al_score_display_settings       [   0.20101] Single Buffer requirement not met.
display  D   display_settings.c:212  debug_display_settings           [   0.20263] color: 16 (rgba 5650), depth: 24, stencil: 8, acc: 0000, samples: 0/0
display  D   display_settings.c:398  _al_score_display_settings       [   0.20299] Single Buffer requirement not met.
display  D   display_settings.c:212  debug_display_settings           [   0.20388] color: 16 (rgba 5650), depth: 24, stencil: 8, acc: 0000, samples: 2/1
display  D   display_settings.c:398  _al_score_display_settings       [   0.20496] Single Buffer requirement not met.
display  D   display_settings.c:212  debug_display_settings           [   0.20525] color: 16 (rgba 5650), depth: 24, stencil: 8, acc: 0000, samples: 3/1
display  D   display_settings.c:398  _al_score_display_settings       [   0.20555] Single Buffer requirement not met.
display  D   display_settings.c:212  debug_display_settings           [   0.20578] color: 16 (rgba 5650), depth: 24, stencil: 8, acc: 0000, samples: 4/1
display  D   display_settings.c:398  _al_score_display_settings       [   0.20709] Single Buffer requirement not met.
display  D   display_settings.c:212  debug_display_settings           [   0.20791] color: 16 (rgba 5650), depth: 24, stencil: 0, acc: 0000, samples: 0/0
display  D   display_settings.c:398  _al_score_display_settings       [   0.20825] Single Buffer requirement not met.
display  D   display_settings.c:212  debug_display_settings           [   0.20895] color: 16 (rgba 5650), depth: 24, stencil: 0, acc: 0000, samples: 0/0
display  D   display_settings.c:398  _al_score_display_settings       [   0.20924] Single Buffer requirement not met.
display  D   display_settings.c:212  debug_display_settings           [   0.20947] color: 16 (rgba 5650), depth: 24, stencil: 0, acc: 0000, samples: 2/1
display  D   display_settings.c:398  _al_score_display_settings       [   0.21118] Single Buffer requirement not met.
display  D   display_settings.c:212  debug_display_settings           [   0.21355] color: 16 (rgba 5650), depth: 24, stencil: 0, acc: 0000, samples: 3/1
display  D   display_settings.c:398  _al_score_display_settings       [   0.21478] Single Buffer requirement not met.
display  D   display_settings.c:212  debug_display_settings           [   0.21670] color: 16 (rgba 5650), depth: 24, stencil: 0, acc: 0000, samples: 4/1
display  D   display_settings.c:398  _al_score_display_settings       [   0.21916] Single Buffer requirement not met.
display  D   display_settings.c:212  debug_display_settings           [   0.22059] color: 16 (rgba 5650), depth: 16, stencil: 0, acc: 0000, samples: 0/0
display  D   display_settings.c:398  _al_score_display_settings       [   0.22205] Single Buffer requirement not met.
display  D   display_settings.c:212  debug_display_settings           [   0.22351] color: 16 (rgba 5650), depth: 16, stencil: 0, acc: 0000, samples: 0/0
display  D   display_settings.c:398  _al_score_display_settings       [   0.22519] Single Buffer requirement not met.
display  D   display_settings.c:212  debug_display_settings           [   0.22927] color: 16 (rgba 5650), depth: 16, stencil: 0, acc: 0000, samples: 2/1
display  D   display_settings.c:398  _al_score_display_settings       [   0.23153] Single Buffer requirement not met.
display  D   display_settings.c:212  debug_display_settings           [   0.23294] color: 16 (rgba 5650), depth: 16, stencil: 0, acc: 0000, samples: 3/1
display  D   display_settings.c:398  _al_score_display_settings       [   0.23432] Single Buffer requirement not met.
display  D   display_settings.c:212  debug_display_settings           [   0.23476] color: 16 (rgba 5650), depth: 16, stencil: 0, acc: 0000, samples: 4/1
display  D   display_settings.c:398  _al_score_display_settings       [   0.23500] Single Buffer requirement not met.
d3d      D         d3d_disp.cpp:1678 d3d_create_display_internals     [   0.23571] Trying format 0.
d3d      I         d3d_disp.cpp:1354 d3d_display_thread_proc          [   0.23858] Chose a display format: 23
d3d      I         d3d_disp.cpp:1423 d3d_display_thread_proc          [   0.23963] Normal window.
d3d      I         d3d_disp.cpp:791  d3d_create_device                [   0.29828] Using no depth stencil buffer
d3d      D         d3d_disp.cpp:849  d3d_create_device                [   0.47854] BeginScene succeeded in create_device
d3d      D         d3d_disp.cpp:857  d3d_create_device                [   0.47882] Success
d3d      D         d3d_disp.cpp:1701 d3d_create_display_internals     [   0.47908] Resumed after wait.
d3d      I         d3d_disp.cpp:1734 d3d_create_display_internals     [   0.47930] Format 0 succeeded.
d3d      D         d3d_disp.cpp:1765 d3d_create_display_internals     [   0.47947] Returning d3d_display: 00EC0EB0
d3d      D         d3d_disp.cpp:1790 d3d_create_display_locked        [   0.47960] al_display=00EC0EB0
d3d      D         d3d_disp.cpp:1791 d3d_create_display_locked        [   0.47973] al_display->vt=00EF4BD0
system   D            wsystem.c:799  maybe_parent_dir                 [   0.48025] Also searching F:\Github\GameCpp\Game\
system   D            wsystem.c:854  _al_win_safe_load_library        [   0.48087] PathFindOnPath found: C:\WINDOWS\system32\d3dx9_43.dll
system   D            wsystem.c:760  load_library_at_path             [   0.48111] Calling LoadLibrary C:\WINDOWS\system32\d3dx9_43.dll
system   I            wsystem.c:763  load_library_at_path             [   0.48393] Loaded C:\WINDOWS\system32\d3dx9_43.dll
d3dx9    I        d3d_d3dx9.cpp:88   _imp_load_d3dx9_module_version   [   0.48418] Module "d3dx9_43.dll" loaded.
dtor     D               dtor.c:196  _al_register_destructor          [   0.48444] added dtor for queue 03AC7E90, func 7A84154B
dtor     D               dtor.c:196  _al_register_destructor          [   0.48471] added dtor for bitmap 03AD9328, func 7A8423FB
dtor     D               dtor.c:196  _al_register_destructor          [   0.48584] added dtor for bitmap 03AD5398, func 7A8423FB
d3d      D         d3d_disp.cpp:1198 real_choose_bitmap_format        [   0.49021] Fake format
d3d      D         d3d_disp.cpp:1198 real_choose_bitmap_format        [   0.49082] Fake format
d3d      D         d3d_disp.cpp:1198 real_choose_bitmap_format        [   0.49096] Fake format
d3d      D         d3d_disp.cpp:1198 real_choose_bitmap_format        [   0.49109] Fake format
d3d      D         d3d_disp.cpp:1198 real_choose_bitmap_format        [   0.49127] Fake format
d3d      D         d3d_disp.cpp:1198 real_choose_bitmap_format        [   0.49140] Fake format
d3d      D         d3d_disp.cpp:1198 real_choose_bitmap_format        [   0.49157] Fake format
d3d      D         d3d_disp.cpp:1198 real_choose_bitmap_format        [   0.49171] Fake format
d3d      D         d3d_disp.cpp:1198 real_choose_bitmap_format        [   0.49332] Fake format
d3d      D         d3d_disp.cpp:1206 real_choose_bitmap_format        [   0.49363] Alpha doesn't match
d3d      D         d3d_disp.cpp:1213 real_choose_bitmap_format        [   0.49377] Adapter format is 23
d3d      D         d3d_disp.cpp:1216 real_choose_bitmap_format        [   0.49398] Found a format
d3d      I         d3d_disp.cpp:2387 d3d_create_bitmap                [   0.49428] Chose bitmap format 9
dtor     D               dtor.c:196  _al_register_destructor          [   0.49624] added dtor for bitmap 03B4E368, func 7A8423FB
dtor     D               dtor.c:196  _al_register_destructor          [   0.49704] added dtor for sub_bitmap 03B4E508, func 7A8423FB
dtor     D               dtor.c:196  _al_register_destructor          [   0.49809] added dtor for sub_bitmap 03B4E6A8, func 7A8423FB
dtor     D               dtor.c:196  _al_register_destructor          [   0.49853] added dtor for sub_bitmap 03B4E848, func 7A8423FB
dtor     D               dtor.c:196  _al_register_destructor          [   0.49895] added dtor for sub_bitmap 03B4E9E8, func 7A8423FB
dtor     D               dtor.c:196  _al_register_destructor          [   0.49928] added dtor for sub_bitmap 03B4EB88, func 7A8423FB
dtor     D               dtor.c:196  _al_register_destructor          [   0.49948] added dtor for sub_bitmap 03B4ED28, func 7A8423FB
dtor     D               dtor.c:196  _al_register_destructor          [   0.49960] added dtor for sub_bitmap 0C243D48, func 7A8423FB
dtor     D               dtor.c:196  _al_register_destructor          [   0.49973] added dtor for sub_bitmap 0C243EE8, func 7A8423FB
dtor     D               dtor.c:196  _al_register_destructor          [   0.50071] added dtor for sub_bitmap 0C244088, func 7A8423FB
dtor     D               dtor.c:196  _al_register_destructor          [   0.50087] added dtor for sub_bitmap 0C244228, func 7A8423FB
dtor     D               dtor.c:196  _al_register_destructor          [   0.50099] added dtor for sub_bitmap 0C2443C8, func 7A8423FB
dtor     D               dtor.c:196  _al_register_destructor          [   0.50113] added dtor for sub_bitmap 0C244568, func 7A8423FB
dtor     D               dtor.c:196  _al_register_destructor          [   0.50136] added dtor for sub_bitmap 0C244708, func 7A8423FB
dtor     D               dtor.c:196  _al_register_destructor          [   0.50164] added dtor for sub_bitmap 0C2448A8, func 7A8423FB
dtor     D               dtor.c:196  _al_register_destructor          [   0.50184] added dtor for sub_bitmap 0C244C18, func 7A8423FB
dtor     D               dtor.c:196  _al_register_destructor          [   0.50243] added dtor for sub_bitmap 0C245608, func 7A8423FB
dtor     D               dtor.c:196  _al_register_destructor          [   0.50267] added dtor for sub_bitmap 0C244DC0, func 7A8423FB
dtor     D               dtor.c:196  _al_register_destructor          [   0.50545] added dtor for sub_bitmap 0C244A70, func 7A8423FB
dtor     D               dtor.c:196  _al_register_destructor          [   0.50596] added dtor for sub_bitmap 0C244F68, func 7A8423FB
dtor     D               dtor.c:196  _al_register_destructor          [   0.50656] added dtor for sub_bitmap 0C2457B0, func 7A8423FB
dtor     D               dtor.c:196  _al_register_destructor          [   0.50708] added dtor for sub_bitmap 0C245110, func 7A8423FB
dtor     D               dtor.c:196  _al_register_destructor          [   0.50752] added dtor for sub_bitmap 0C2452B8, func 7A8423FB
dtor     D               dtor.c:196  _al_register_destructor          [   0.50771] added dtor for sub_bitmap 0C245460, func 7A8423FB
dtor     D               dtor.c:196  _al_register_destructor          [   0.50790] added dtor for sub_bitmap 0C2471A8, func 7A8423FB
dtor     D               dtor.c:196  _al_register_destructor          [   0.50893] added dtor for sub_bitmap 0C247350, func 7A8423FB
dtor     D               dtor.c:196  _al_register_destructor          [   0.50941] added dtor for sub_bitmap 0C246CB0, func 7A8423FB
dtor     D               dtor.c:196  _al_register_destructor          [   0.50999] added dtor for sub_bitmap 0C246B08, func 7A8423FB
dtor     D               dtor.c:196  _al_register_destructor          [   0.51047] added dtor for sub_bitmap 0C245A78, func 7A8423FB
dtor     D               dtor.c:196  _al_register_destructor          [   0.51082] added dtor for sub_bitmap 0C2476A0, func 7A8423FB
dtor     D               dtor.c:196  _al_register_destructor          [   0.51105] added dtor for sub_bitmap 0C246468, func 7A8423FB
dtor     D               dtor.c:196  _al_register_destructor          [   0.51123] added dtor for sub_bitmap 0C2474F8, func 7A8423FB
dtor     D               dtor.c:196  _al_register_destructor          [   0.51180] added dtor for sub_bitmap 0C246E58, func 7A8423FB
dtor     D               dtor.c:196  _al_register_destructor          [   0.51260] added dtor for sub_bitmap 0C245C20, func 7A8423FB
dtor     D               dtor.c:196  _al_register_destructor          [   0.51335] added dtor for sub_bitmap 0C247848, func 7A8423FB
dtor     D               dtor.c:196  _al_register_destructor          [   0.51367] added dtor for sub_bitmap 0C245DC8, func 7A8423FB
dtor     D               dtor.c:196  _al_register_destructor          [   0.51386] added dtor for sub_bitmap 0C245F70, func 7A8423FB
dtor     D               dtor.c:196  _al_register_destructor          [   0.51419] added dtor for sub_bitmap 0C2462C0, func 7A8423FB
dtor     D               dtor.c:196  _al_register_destructor          [   0.51518] added dtor for sub_bitmap 0C246118, func 7A8423FB
dtor     D               dtor.c:196  _al_register_destructor          [   0.51539] added dtor for sub_bitmap 0C246610, func 7A8423FB
dtor     D               dtor.c:196  _al_register_destructor          [   0.51559] added dtor for sub_bitmap 0C247000, func 7A8423FB
dtor     D               dtor.c:196  _al_register_destructor          [   0.51576] added dtor for sub_bitmap 0C2467B8, func 7A8423FB
dtor     D               dtor.c:196  _al_register_destructor          [   0.51595] added dtor for sub_bitmap 0C246960, func 7A8423FB
dtor     D               dtor.c:196  _al_register_destructor          [   0.51614] added dtor for sub_bitmap 0C248120, func 7A8423FB
dtor     D               dtor.c:196  _al_register_destructor          [   0.51629] added dtor for sub_bitmap 0C2482C8, func 7A8423FB
dtor     D               dtor.c:196  _al_register_destructor          [   0.51650] added dtor for sub_bitmap 0C2491B0, func 7A8423FB
dtor     D               dtor.c:196  _al_register_destructor          [   0.51669] added dtor for sub_bitmap 0C248CB8, func 7A8423FB
dtor     D               dtor.c:196  _al_register_destructor          [   0.51695] added dtor for sub_bitmap 0C248618, func 7A8423FB
dtor     D               dtor.c:196  _al_register_destructor          [   0.51713] added dtor for sub_bitmap 0C247A80, func 7A8423FB
dtor     D               dtor.c:196  _al_register_destructor          [   0.51742] added dtor for sub_bitmap 0C2496A8, func 7A8423FB
dtor     D               dtor.c:196  _al_register_destructor          [   0.51761] added dtor for sub_bitmap 0C249850, func 7A8423FB
dtor     D               dtor.c:196  _al_register_destructor          [   0.51777] added dtor for sub_bitmap 0C247F78, func 7A8423FB
dtor     D               dtor.c:196  _al_register_destructor          [   0.51795] added dtor for sub_bitmap 0C248E60, func 7A8423FB
dtor     D               dtor.c:196  _al_register_destructor          [   0.51821] added dtor for sub_bitmap 0C247C28, func 7A8423FB
dtor     D               dtor.c:196  _al_register_destructor          [   0.51838] added dtor for sub_bitmap 0C249008, func 7A8423FB
dtor     D               dtor.c:196  _al_register_destructor          [   0.51882] added dtor for sub_bitmap 0C248968, func 7A8423FB
dtor     D               dtor.c:196  _al_register_destructor          [   0.51914] added dtor for sub_bitmap 0C247DD0, func 7A8423FB
dtor     D               dtor.c:196  _al_register_destructor          [   0.51942] added dtor for sub_bitmap 0C249358, func 7A8423FB
dtor     D               dtor.c:196  _al_register_destructor          [   0.51958] added dtor for sub_bitmap 0C248470, func 7A8423FB
dtor     D               dtor.c:196  _al_register_destructor          [   0.51974] added dtor for sub_bitmap 0C2487C0, func 7A8423FB
dtor     D               dtor.c:196  _al_register_destructor          [   0.52006] added dtor for sub_bitmap 0C248B10, func 7A8423FB
dtor     D               dtor.c:196  _al_register_destructor          [   0.52020] added dtor for sub_bitmap 0C249500, func 7A8423FB
dtor     D               dtor.c:196  _al_register_destructor          [   0.52048] added dtor for sub_bitmap 0C24C368, func 7A8423FB
dtor     D               dtor.c:196  _al_register_destructor          [   0.52094] added dtor for sub_bitmap 0C24AA90, func 7A8423FB
dtor     D               dtor.c:196  _al_register_destructor          [   0.52111] added dtor for sub_bitmap 0C24AF88, func 7A8423FB
dtor     D               dtor.c:196  _al_register_destructor          [   0.52130] added dtor for sub_bitmap 0C24B628, func 7A8423FB
dtor     D               dtor.c:196  _al_register_destructor          [   0.52150] added dtor for sub_bitmap 0C24B978, func 7A8423FB
dtor     D               dtor.c:196  _al_register_destructor          [   0.52166] added dtor for sub_bitmap 0C24AC38, func 7A8423FB
dtor     D               dtor.c:196  _al_register_destructor          [   0.52181] added dtor for sub_bitmap 0C24C018, func 7A8423FB
dtor     D               dtor.c:196  _al_register_destructor          [   0.52197] added dtor for sub_bitmap 0C24ADE0, func 7A8423FB
dtor     D               dtor.c:196  _al_register_destructor          [   0.52216] added dtor for sub_bitmap 0C24B130, func 7A8423FB
dtor     D               dtor.c:196  _al_register_destructor          [   0.52238] added dtor for sub_bitmap 0C24B2D8, func 7A8423FB
dtor     D               dtor.c:196  _al_register_destructor          [   0.52259] added dtor for sub_bitmap 0C24B480, func 7A8423FB
dtor     D               dtor.c:196  _al_register_destructor          [   0.52281] added dtor for sub_bitmap 0C24B7D0, func 7A8423FB
dtor     D               dtor.c:196  _al_register_destructor          [   0.52306] added dtor for sub_bitmap 0C24BB20, func 7A8423FB
dtor     D               dtor.c:196  _al_register_destructor          [   0.52352] added dtor for sub_bitmap 0C24BCC8, func 7A8423FB
dtor     D               dtor.c:196  _al_register_destructor          [   0.52528] added dtor for sub_bitmap 0C24BE70, func 7A8423FB
dtor     D               dtor.c:196  _al_register_destructor          [   0.52626] added dtor for sub_bitmap 0C24C1C0, func 7A8423FB
dtor     D               dtor.c:196  _al_register_destructor          [   0.52652] added dtor for sub_bitmap 0C24C510, func 7A8423FB
dtor     D               dtor.c:196  _al_register_destructor          [   0.52674] added dtor for sub_bitmap 0C24C6B8, func 7A8423FB
dtor     D               dtor.c:196  _al_register_destructor          [   0.52695] added dtor for sub_bitmap 0C24C860, func 7A8423FB
dtor     D               dtor.c:196  _al_register_destructor          [   0.52718] added dtor for sub_bitmap 0C24DE78, func 7A8423FB
dtor     D               dtor.c:196  _al_register_destructor          [   0.52735] added dtor for sub_bitmap 0C24CA98, func 7A8423FB
dtor     D               dtor.c:196  _al_register_destructor          [   0.52750] added dtor for sub_bitmap 0C24CDE8, func 7A8423FB
dtor     D               dtor.c:196  _al_register_destructor          [   0.52771] added dtor for sub_bitmap 0C24D2E0, func 7A8423FB
dtor     D               dtor.c:196  _al_register_destructor          [   0.52788] added dtor for sub_bitmap 0C24CF90, func 7A8423FB
dtor     D               dtor.c:196  _al_register_destructor          [   0.52803] added dtor for sub_bitmap 0C24E1C8, func 7A8423FB
dtor     D               dtor.c:196  _al_register_destructor          [   0.52818] added dtor for sub_bitmap 0C24D980, func 7A8423FB
dtor     D               dtor.c:196  _al_register_destructor          [   0.52835] added dtor for sub_bitmap 0C24DCD0, func 7A8423FB
dtor     D               dtor.c:196  _al_register_destructor          [   0.52850] added dtor for sub_bitmap 0C24D488, func 7A8423FB
dtor     D               dtor.c:196  _al_register_destructor          [   0.52864] added dtor for sub_bitmap 0C24E868, func 7A8423FB
dtor     D               dtor.c:196  _al_register_destructor          [   0.52879] added dtor for sub_bitmap 0C24D138, func 7A8423FB
dtor     D               dtor.c:196  _al_register_destructor          [   0.52907] added dtor for sub_bitmap 0C24DB28, func 7A8423FB
dtor     D               dtor.c:196  _al_register_destructor          [   0.52942] added dtor for sub_bitmap 0C24E6C0, func 7A8423FB
dtor     D               dtor.c:196  _al_register_destructor          [   0.52970] added dtor for sub_bitmap 0C24D630, func 7A8423FB
dtor     D               dtor.c:196  _al_register_destructor          [   0.52990] added dtor for sub_bitmap 0C24E020, func 7A8423FB
dtor     D               dtor.c:196  _al_register_destructor          [   0.53011] added dtor for sub_bitmap 0C24D7D8, func 7A8423FB
dtor     D               dtor.c:196  _al_register_destructor          [   0.53101] added dtor for sub_bitmap 0C24E518, func 7A8423FB
dtor     D               dtor.c:196  _al_register_destructor          [   0.53124] added dtor for sub_bitmap 0C24E370, func 7A8423FB
dtor     D               dtor.c:196  _al_register_destructor          [   0.53146] added dtor for sub_bitmap 0C24CC40, func 7A8423FB
dtor     D               dtor.c:196  _al_register_destructor          [   0.53168] added dtor for sub_bitmap 0C2506C8, func 7A8423FB
dtor     D               dtor.c:196  _al_register_destructor          [   0.53186] added dtor for sub_bitmap 0C250870, func 7A8423FB
dtor     D               dtor.c:196  _al_register_destructor          [   0.53207] added dtor for sub_bitmap 0C2501D0, func 7A8423FB
dtor     D               dtor.c:196  _al_register_destructor          [   0.53249] added dtor for sub_bitmap 0C24FCD8, func 7A8423FB
dtor     D               dtor.c:196  _al_register_destructor          [   0.53269] added dtor for sub_bitmap 0C24FB30, func 7A8423FB
dtor     D               dtor.c:196  _al_register_destructor          [   0.53286] added dtor for sub_bitmap 0C250A18, func 7A8423FB
dtor     D               dtor.c:196  _al_register_destructor          [   0.53317] added dtor for sub_bitmap 0C250378, func 7A8423FB
dtor     D               dtor.c:196  _al_register_destructor          [   0.53375] added dtor for sub_bitmap 0C24FE80, func 7A8423FB
dtor     D               dtor.c:196  _al_register_destructor          [   0.53394] added dtor for sub_bitmap 0C24EC48, func 7A8423FB
dtor     D               dtor.c:196  _al_register_destructor          [   0.53408] added dtor for sub_bitmap 0C250028, func 7A8423FB
dtor     D               dtor.c:196  _al_register_destructor          [   0.53425] added dtor for sub_bitmap 0C250520, func 7A8423FB
dtor     D               dtor.c:196  _al_register_destructor          [   0.53441] added dtor for sub_bitmap 0C24EDF0, func 7A8423FB
dtor     D               dtor.c:196  _al_register_destructor          [   0.53462] added dtor for sub_bitmap 0C24EF98, func 7A8423FB
dtor     D               dtor.c:196  _al_register_destructor          [   0.53480] added dtor for sub_bitmap 0C24F988, func 7A8423FB
dtor     D               dtor.c:196  _al_register_destructor          [   0.53512] added dtor for sub_bitmap 0C24F140, func 7A8423FB
dtor     D               dtor.c:196  _al_register_destructor          [   0.53524] added dtor for sub_bitmap 0C24F2E8, func 7A8423FB
dtor     D               dtor.c:196  _al_register_destructor          [   0.53535] added dtor for sub_bitmap 0C24F490, func 7A8423FB
dtor     D               dtor.c:196  _al_register_destructor          [   0.53549] added dtor for sub_bitmap 0C24F638, func 7A8423FB
dtor     D               dtor.c:196  _al_register_destructor          [   0.53562] added dtor for sub_bitmap 0C24F7E0, func 7A8423FB
dtor     D               dtor.c:196  _al_register_destructor          [   0.53578] added dtor for sub_bitmap 0C254A50, func 7A8423FB
dtor     D               dtor.c:196  _al_register_destructor          [   0.53598] added dtor for sub_bitmap 0C255AE0, func 7A8423FB
dtor     D               dtor.c:196  _al_register_destructor          [   0.53648] added dtor for sub_bitmap 0C254558, func 7A8423FB
dtor     D               dtor.c:196  _al_register_destructor          [   0.53697] added dtor for sub_bitmap 0C255C88, func 7A8423FB
dtor     D               dtor.c:196  _al_register_destructor          [   0.53729] added dtor for sub_bitmap 0C2555E8, func 7A8423FB
dtor     D               dtor.c:196  _al_register_destructor          [   0.53743] added dtor for sub_bitmap 0C255440, func 7A8423FB
dtor     D               dtor.c:196  _al_register_destructor          [   0.53756] added dtor for sub_bitmap 0C255298, func 7A8423FB
dtor     D               dtor.c:196  _al_register_destructor          [   0.53771] added dtor for sub_bitmap 0C2548A8, func 7A8423FB
dtor     D               dtor.c:196  _al_register_destructor          [   0.53788] added dtor for sub_bitmap 0C255790, func 7A8423FB
dtor     D               dtor.c:196  _al_register_destructor          [   0.53802] added dtor for sub_bitmap 0C254060, func 7A8423FB
dtor     D               dtor.c:196  _al_register_destructor          [   0.53820] added dtor for sub_bitmap 0C255938, func 7A8423FB
dtor     D               dtor.c:196  _al_register_destructor          [   0.53841] added dtor for sub_bitmap 0C255E30, func 7A8423FB
dtor     D               dtor.c:196  _al_register_destructor          [   0.53855] added dtor for sub_bitmap 0C254208, func 7A8423FB
dtor     D               dtor.c:196  _al_register_destructor          [   0.53903] added dtor for sub_bitmap 0C2543B0, func 7A8423FB
dtor     D               dtor.c:196  _al_register_destructor          [   0.54007] added dtor for sub_bitmap 0C254700, func 7A8423FB
dtor     D               dtor.c:196  _al_register_destructor          [   0.54116] added dtor for sub_bitmap 0C254BF8, func 7A8423FB
dtor     D               dtor.c:196  _al_register_destructor          [   0.54170] added dtor for sub_bitmap 0C254DA0, func 7A8423FB
dtor     D               dtor.c:196  _al_register_destructor          [   0.54195] added dtor for sub_bitmap 0C254F48, func 7A8423FB
dtor     D               dtor.c:196  _al_register_destructor          [   0.54275] added dtor for sub_bitmap 0C2550F0, func 7A8423FB
dtor     D               dtor.c:196  _al_register_destructor          [   0.54302] added dtor for sub_bitmap 0C2572A0, func 7A8423FB
dtor     D               dtor.c:196  _al_register_destructor          [   0.54318] added dtor for sub_bitmap 0C257448, func 7A8423FB
dtor     D               dtor.c:196  _al_register_destructor          [   0.54338] added dtor for sub_bitmap 0C257940, func 7A8423FB
dtor     D               dtor.c:196  _al_register_destructor          [   0.54402] added dtor for sub_bitmap 0C256068, func 7A8423FB
dtor     D               dtor.c:196  _al_register_destructor          [   0.54423] added dtor for sub_bitmap 0C256560, func 7A8423FB
dtor     D               dtor.c:196  _al_register_destructor          [   0.54440] added dtor for sub_bitmap 0C256C00, func 7A8423FB
dtor     D               dtor.c:196  _al_register_destructor          [   0.54503] added dtor for sub_bitmap 0C256F50, func 7A8423FB
dtor     D               dtor.c:196  _al_register_destructor          [   0.54522] added dtor for sub_bitmap 0C256210, func 7A8423FB
dtor     D               dtor.c:196  _al_register_destructor          [   0.54553] added dtor for sub_bitmap 0C2575F0, func 7A8423FB
dtor     D               dtor.c:196  _al_register_destructor          [   0.54572] added dtor for sub_bitmap 0C2563B8, func 7A8423FB
dtor     D               dtor.c:196  _al_register_destructor          [   0.54609] added dtor for sub_bitmap 0C256708, func 7A8423FB
dtor     D               dtor.c:196  _al_register_destructor          [   0.54640] added dtor for sub_bitmap 0C2568B0, func 7A8423FB
dtor     D               dtor.c:196  _al_register_destructor          [   0.54740] added dtor for sub_bitmap 0C256A58, func 7A8423FB
dtor     D               dtor.c:196  _al_register_destructor          [   0.54756] added dtor for sub_bitmap 0C256DA8, func 7A8423FB
dtor     D               dtor.c:196  _al_register_destructor          [   0.54844] added dtor for sub_bitmap 0C2570F8, func 7A8423FB
dtor     D               dtor.c:196  _al_register_destructor          [   0.54864] added dtor for sub_bitmap 0C257798, func 7A8423FB
dtor     D               dtor.c:196  _al_register_destructor          [   0.54887] added dtor for sub_bitmap 0C257AE8, func 7A8423FB
dtor     D               dtor.c:196  _al_register_destructor          [   0.54916] added dtor for sub_bitmap 0C257C90, func 7A8423FB
dtor     D               dtor.c:196  _al_register_destructor          [   0.55041] added dtor for sub_bitmap 0C257E38, func 7A8423FB
dtor     D               dtor.c:196  _al_register_destructor          [   0.55099] added dtor for sub_bitmap 0C2583C0, func 7A8423FB
dtor     D               dtor.c:196  _al_register_destructor          [   0.55116] added dtor for sub_bitmap 0C259AF0, func 7A8423FB
dtor     D               dtor.c:196  _al_register_destructor          [   0.55132] added dtor for sub_bitmap 0C259450, func 7A8423FB
dtor     D               dtor.c:196  _al_register_destructor          [   0.55146] added dtor for sub_bitmap 0C258C08, func 7A8423FB
dtor     D               dtor.c:196  _al_register_destructor          [   0.55166] added dtor for sub_bitmap 0C258F58, func 7A8423FB
dtor     D               dtor.c:196  _al_register_destructor          [   0.55209] added dtor for sub_bitmap 0C258710, func 7A8423FB
dtor     D               dtor.c:196  _al_register_destructor          [   0.55303] added dtor for sub_bitmap 0C258DB0, func 7A8423FB
dtor     D               dtor.c:196  _al_register_destructor          [   0.55326] added dtor for sub_bitmap 0C2597A0, func 7A8423FB
dtor     D               dtor.c:196  _al_register_destructor          [   0.55352] added dtor for sub_bitmap 0C2595F8, func 7A8423FB
dtor     D               dtor.c:196  _al_register_destructor          [   0.55366] added dtor for sub_bitmap 0C258218, func 7A8423FB
dtor     D               dtor.c:196  _al_register_destructor          [   0.55386] added dtor for sub_bitmap 0C259100, func 7A8423FB
dtor     D               dtor.c:196  _al_register_destructor          [   0.55403] added dtor for sub_bitmap 0C259948, func 7A8423FB
dtor     D               dtor.c:196  _al_register_destructor          [   0.55417] added dtor for sub_bitmap 0C2588B8, func 7A8423FB
dtor     D               dtor.c:196  _al_register_destructor          [   0.55437] added dtor for sub_bitmap 0C258568, func 7A8423FB
dtor     D               dtor.c:196  _al_register_destructor          [   0.55456] added dtor for sub_bitmap 0C259C98, func 7A8423FB
dtor     D               dtor.c:196  _al_register_destructor          [   0.55472] added dtor for sub_bitmap 0C259E40, func 7A8423FB
dtor     D               dtor.c:196  _al_register_destructor          [   0.55501] added dtor for sub_bitmap 0C258070, func 7A8423FB
dtor     D               dtor.c:196  _al_register_destructor          [   0.55521] added dtor for sub_bitmap 0C2592A8, func 7A8423FB
dtor     D               dtor.c:196  _al_register_destructor          [   0.55539] added dtor for sub_bitmap 0C258A60, func 7A8423FB
dtor     D               dtor.c:196  _al_register_destructor          [   0.55562] added dtor for sub_bitmap 0C25B110, func 7A8423FB
dtor     D               dtor.c:196  _al_register_destructor          [   0.55584] added dtor for sub_bitmap 0C25A3D0, func 7A8423FB
dtor     D               dtor.c:196  _al_register_destructor          [   0.55605] added dtor for sub_bitmap 0C25B460, func 7A8423FB
dtor     D               dtor.c:196  _al_register_destructor          [   0.55630] added dtor for sub_bitmap 0C25D3D8, func 7A8423FB
dtor     D               dtor.c:196  _al_register_destructor          [   0.55646] added dtor for sub_bitmap 0C25AC18, func 7A8423FB
dtor     D               dtor.c:196  _al_register_destructor          [   0.55672] added dtor for sub_bitmap 0C25C698, func 7A8423FB
dtor     D               dtor.c:196  _al_register_destructor          [   0.55691] added dtor for sub_bitmap 0C25C1A0, func 7A8423FB
dtor     D               dtor.c:196  _al_register_destructor          [   0.55818] added dtor for sub_bitmap 0C25BCA8, func 7A8423FB
dtor     D               dtor.c:196  _al_register_destructor          [   0.55840] added dtor for sub_bitmap 0C25C348, func 7A8423FB
dtor     D               dtor.c:196  _al_register_destructor          [   0.55863] added dtor for sub_bitmap 0C25D230, func 7A8423FB
dtor     D               dtor.c:196  _al_register_destructor          [   0.55882] added dtor for sub_bitmap 0C25ADC0, func 7A8423FB
dtor     D               dtor.c:196  _al_register_destructor          [   0.55898] added dtor for sub_bitmap 0C25A720, func 7A8423FB
dtor     D               dtor.c:196  _al_register_destructor          [   0.55915] added dtor for sub_bitmap 0C25AF68, func 7A8423FB
dtor     D               dtor.c:196  _al_register_destructor          [   0.55934] added dtor for sub_bitmap 0C25B958, func 7A8423FB
dtor     D               dtor.c:196  _al_register_destructor          [   0.55953] added dtor for sub_bitmap 0C25A8C8, func 7A8423FB
dtor     D               dtor.c:196  _al_register_destructor          [   0.55987] added dtor for sub_bitmap 0C25CEE0, func 7A8423FB
dtor     D               dtor.c:196  _al_register_destructor          [   0.56061] added dtor for sub_bitmap 0C25BE50, func 7A8423FB
dtor     D               dtor.c:196  _al_register_destructor          [   0.56103] added dtor for sub_bitmap 0C25B608, func 7A8423FB
dtor     D               dtor.c:196  _al_register_destructor          [   0.56118] added dtor for sub_bitmap 0C25A080, func 7A8423FB
dtor     D               dtor.c:196  _al_register_destructor          [   0.56156] added dtor for sub_bitmap 0C25D088, func 7A8423FB
dtor     D               dtor.c:196  _al_register_destructor          [   0.56174] added dtor for sub_bitmap 0C25B2B8, func 7A8423FB
dtor     D               dtor.c:196  _al_register_destructor          [   0.56192] added dtor for sub_bitmap 0C25B7B0, func 7A8423FB
dtor     D               dtor.c:196  _al_register_destructor          [   0.56271] added dtor for sub_bitmap 0C25BFF8, func 7A8423FB
dtor     D               dtor.c:196  _al_register_destructor          [   0.56292] added dtor for sub_bitmap 0C25A228, func 7A8423FB
dtor     D               dtor.c:196  _al_register_destructor          [   0.56308] added dtor for sub_bitmap 0C25BB00, func 7A8423FB
dtor     D               dtor.c:196  _al_register_destructor          [   0.56324] added dtor for sub_bitmap 0C25C4F0, func 7A8423FB
dtor     D               dtor.c:196  _al_register_destructor          [   0.56340] added dtor for sub_bitmap 0C25CD38, func 7A8423FB
dtor     D               dtor.c:196  _al_register_destructor          [   0.56364] added dtor for sub_bitmap 0C25C840, func 7A8423FB
dtor     D               dtor.c:196  _al_register_destructor          [   0.56379] added dtor for sub_bitmap 0C25C9E8, func 7A8423FB
dtor     D               dtor.c:196  _al_register_destructor          [   0.56394] added dtor for sub_bitmap 0C25CB90, func 7A8423FB
dtor     D               dtor.c:196  _al_register_destructor          [   0.56410] added dtor for sub_bitmap 0C25A578, func 7A8423FB
dtor     D               dtor.c:196  _al_register_destructor          [   0.56427] added dtor for sub_bitmap 0C25AA70, func 7A8423FB
dtor     D               dtor.c:196  _al_register_destructor          [   0.56449] added dtor for sub_bitmap 0C25DC20, func 7A8423FB
dtor     D               dtor.c:196  _al_register_destructor          [   0.56463] added dtor for sub_bitmap 0C25D580, func 7A8423FB
dtor     D               dtor.c:196  _al_register_destructor          [   0.56478] added dtor for sub_bitmap 0C25DA78, func 7A8423FB
dtor     D               dtor.c:196  _al_register_destructor          [   0.56494] added dtor for sub_bitmap 0C25D8D0, func 7A8423FB
dtor     D               dtor.c:196  _al_register_destructor          [   0.56517] added dtor for sub_bitmap 0C25DDC8, func 7A8423FB
dtor     D               dtor.c:196  _al_register_destructor          [   0.56534] added dtor for sub_bitmap 0C25D728, func 7A8423FB
dtor     D               dtor.c:196  _al_register_destructor          [   0.56558] added dtor for sub_bitmap 0C260350, func 7A8423FB
dtor     D               dtor.c:196  _al_register_destructor          [   0.56572] added dtor for sub_bitmap 0C25F2C0, func 7A8423FB
dtor     D               dtor.c:196  _al_register_destructor          [   0.56590] added dtor for sub_bitmap 0C25F7B8, func 7A8423FB
dtor     D               dtor.c:196  _al_register_destructor          [   0.56612] added dtor for sub_bitmap 0C260000, func 7A8423FB
dtor     D               dtor.c:196  _al_register_destructor          [   0.56631] added dtor for sub_bitmap 0C25F468, func 7A8423FB
dtor     D               dtor.c:196  _al_register_destructor          [   0.56648] added dtor for sub_bitmap 0C2601A8, func 7A8423FB
dtor     D               dtor.c:196  _al_register_destructor          [   0.56669] added dtor for sub_bitmap 0C2606A0, func 7A8423FB
dtor     D               dtor.c:196  _al_register_destructor          [   0.56684] added dtor for sub_bitmap 0C260EE8, func 7A8423FB
dtor     D               dtor.c:196  _al_register_destructor          [   0.56698] added dtor for sub_bitmap 0C2604F8, func 7A8423FB
dtor     D               dtor.c:196  _al_register_destructor          [   0.56714] added dtor for sub_bitmap 0C2622C8, func 7A8423FB
dtor     D               dtor.c:196  _al_register_destructor          [   0.56745] added dtor for sub_bitmap 0C2613E0, func 7A8423FB
dtor     D               dtor.c:196  _al_register_destructor          [   0.56761] added dtor for sub_bitmap 0C261A80, func 7A8423FB
dtor     D               dtor.c:196  _al_register_destructor          [   0.56775] added dtor for sub_bitmap 0C262120, func 7A8423FB
dtor     D               dtor.c:196  _al_register_destructor          [   0.56788] added dtor for sub_bitmap 0C25F610, func 7A8423FB
dtor     D               dtor.c:196  _al_register_destructor          [   0.56805] added dtor for sub_bitmap 0C261588, func 7A8423FB
dtor     D               dtor.c:196  _al_register_destructor          [   0.56821] added dtor for sub_bitmap 0C260848, func 7A8423FB
dtor     D               dtor.c:196  _al_register_destructor          [   0.56833] added dtor for sub_bitmap 0C2609F0, func 7A8423FB
dtor     D               dtor.c:196  _al_register_destructor          [   0.56847] added dtor for sub_bitmap 0C261730, func 7A8423FB
dtor     D               dtor.c:196  _al_register_destructor          [   0.56866] added dtor for sub_bitmap 0C2618D8, func 7A8423FB
dtor     D               dtor.c:196  _al_register_destructor          [   0.56881] added dtor for sub_bitmap 0C260B98, func 7A8423FB
dtor     D               dtor.c:196  _al_register_destructor          [   0.56907] added dtor for sub_bitmap 0C261C28, func 7A8423FB
dtor     D               dtor.c:196  _al_register_destructor          [   0.56924] added dtor for sub_bitmap 0C261090, func 7A8423FB
dtor     D               dtor.c:196  _al_register_destructor          [   0.56946] added dtor for sub_bitmap 0C261DD0, func 7A8423FB
dtor     D               dtor.c:196  _al_register_destructor          [   0.56959] added dtor for sub_bitmap 0C25F960, func 7A8423FB
dtor     D               dtor.c:196  _al_register_destructor          [   0.56973] added dtor for sub_bitmap 0C25FB08, func 7A8423FB
dtor     D               dtor.c:196  _al_register_destructor          [   0.56994] added dtor for sub_bitmap 0C25FCB0, func 7A8423FB
dtor     D               dtor.c:196  _al_register_destructor          [   0.57007] added dtor for sub_bitmap 0C25FE58, func 7A8423FB
dtor     D               dtor.c:196  _al_register_destructor          [   0.57039] added dtor for sub_bitmap 0C261F78, func 7A8423FB
dtor     D               dtor.c:196  _al_register_destructor          [   0.57057] added dtor for sub_bitmap 0C262470, func 7A8423FB
dtor     D               dtor.c:196  _al_register_destructor          [   0.57088] added dtor for sub_bitmap 0C260D40, func 7A8423FB
dtor     D               dtor.c:196  _al_register_destructor          [   0.57103] added dtor for sub_bitmap 0C262618, func 7A8423FB
dtor     D               dtor.c:196  _al_register_destructor          [   0.57123] added dtor for sub_bitmap 0C261238, func 7A8423FB
dtor     D               dtor.c:196  _al_register_destructor          [   0.57146] added dtor for sub_bitmap 0C263008, func 7A8423FB
dtor     D               dtor.c:196  _al_register_destructor          [   0.57160] added dtor for sub_bitmap 0C2627C0, func 7A8423FB
dtor     D               dtor.c:196  _al_register_destructor          [   0.57177] added dtor for sub_bitmap 0C262968, func 7A8423FB
dtor     D               dtor.c:196  _al_register_destructor          [   0.57196] added dtor for sub_bitmap 0C262B10, func 7A8423FB
dtor     D               dtor.c:196  _al_register_destructor          [   0.57216] added dtor for sub_bitmap 0C262E60, func 7A8423FB
dtor     D               dtor.c:196  _al_register_destructor          [   0.57240] added dtor for sub_bitmap 0C262CB8, func 7A8423FB
dtor     D               dtor.c:196  _al_register_destructor          [   0.57255] added dtor for sub_bitmap 0C269C40, func 7A8423FB
dtor     D               dtor.c:196  _al_register_destructor          [   0.57271] added dtor for sub_bitmap 0C2672D8, func 7A8423FB
dtor     D               dtor.c:196  _al_register_destructor          [   0.57285] added dtor for sub_bitmap 0C2695A0, func 7A8423FB
dtor     D               dtor.c:196  _al_register_destructor          [   0.57299] added dtor for sub_bitmap 0C2681C0, func 7A8423FB
dtor     D               dtor.c:196  _al_register_destructor          [   0.57321] added dtor for sub_bitmap 0C268BB0, func 7A8423FB
dtor     D               dtor.c:196  _al_register_destructor          [   0.57337] added dtor for sub_bitmap 0C267480, func 7A8423FB
dtor     D               dtor.c:196  _al_register_destructor          [   0.57358] added dtor for sub_bitmap 0C268510, func 7A8423FB
dtor     D               dtor.c:196  _al_register_destructor          [   0.57375] added dtor for sub_bitmap 0C269748, func 7A8423FB
dtor     D               dtor.c:196  _al_register_destructor          [   0.57419] added dtor for sub_bitmap 0C268368, func 7A8423FB
dtor     D               dtor.c:196  _al_register_destructor          [   0.57435] added dtor for sub_bitmap 0C269DE8, func 7A8423FB
dtor     D               dtor.c:196  _al_register_destructor          [   0.57454] added dtor for sub_bitmap 0C267B20, func 7A8423FB
dtor     D               dtor.c:196  _al_register_destructor          [   0.57480] added dtor for sub_bitmap 0C268F00, func 7A8423FB
dtor     D               dtor.c:196  _al_register_destructor          [   0.57505] added dtor for sub_bitmap 0C269250, func 7A8423FB
dtor     D               dtor.c:196  _al_register_destructor          [   0.57535] added dtor for sub_bitmap 0C267CC8, func 7A8423FB
dtor     D               dtor.c:196  _al_register_destructor          [   0.57551] added dtor for sub_bitmap 0C26A138, func 7A8423FB
dtor     D               dtor.c:196  _al_register_destructor          [   0.57567] added dtor for sub_bitmap 0C2686B8, func 7A8423FB
dtor     D               dtor.c:196  _al_register_destructor          [   0.57610] added dtor for sub_bitmap 0C269F90, func 7A8423FB
dtor     D               dtor.c:196  _al_register_destructor          [   0.57623] added dtor for sub_bitmap 0C268A08, func 7A8423FB
dtor     D               dtor.c:196  _al_register_destructor          [   0.57642] added dtor for sub_bitmap 0C26A2E0, func 7A8423FB
dtor     D               dtor.c:196  _al_register_destructor          [   0.57658] added dtor for sub_bitmap 0C2690A8, func 7A8423FB
dtor     D               dtor.c:196  _al_register_destructor          [   0.57672] added dtor for sub_bitmap 0C2693F8, func 7A8423FB
dtor     D               dtor.c:196  _al_register_destructor          [   0.57688] added dtor for sub_bitmap 0C268860, func 7A8423FB
dtor     D               dtor.c:196  _al_register_destructor          [   0.57704] added dtor for sub_bitmap 0C268D58, func 7A8423FB
dtor     D               dtor.c:196  _al_register_destructor          [   0.57728] added dtor for sub_bitmap 0C267E70, func 7A8423FB
dtor     D               dtor.c:196  _al_register_destructor          [   0.57746] added dtor for sub_bitmap 0C26A488, func 7A8423FB
dtor     D               dtor.c:196  _al_register_destructor          [   0.57766] added dtor for sub_bitmap 0C26A630, func 7A8423FB
dtor     D               dtor.c:196  _al_register_destructor          [   0.57779] added dtor for sub_bitmap 0C2698F0, func 7A8423FB
dtor     D               dtor.c:196  _al_register_destructor          [   0.57795] added dtor for sub_bitmap 0C269A98, func 7A8423FB
dtor     D               dtor.c:196  _al_register_destructor          [   0.57810] added dtor for sub_bitmap 0C267628, func 7A8423FB
dtor     D               dtor.c:196  _al_register_destructor          [   0.57826] added dtor for sub_bitmap 0C2677D0, func 7A8423FB
dtor     D               dtor.c:196  _al_register_destructor          [   0.57843] added dtor for sub_bitmap 0C268018, func 7A8423FB
dtor     D               dtor.c:196  _al_register_destructor          [   0.57859] added dtor for sub_bitmap 0C267978, func 7A8423FB
dtor     D               dtor.c:196  _al_register_destructor          [   0.57871] added dtor for sub_bitmap 0C26A980, func 7A8423FB
dtor     D               dtor.c:196  _al_register_destructor          [   0.57883] added dtor for sub_bitmap 0C26AB28, func 7A8423FB
dtor     D               dtor.c:196  _al_register_destructor          [   0.57898] added dtor for sub_bitmap 0C26ACD0, func 7A8423FB
dtor     D               dtor.c:196  _al_register_destructor          [   0.57920] added dtor for sub_bitmap 0C26AE78, func 7A8423FB
dtor     D               dtor.c:196  _al_register_destructor          [   0.57935] added dtor for sub_bitmap 0C26B020, func 7A8423FB
dtor     D               dtor.c:196  _al_register_destructor          [   0.57949] added dtor for sub_bitmap 0C26A7D8, func 7A8423FB
dtor     D               dtor.c:196  _al_register_destructor          [   0.57968] added dtor for sub_bitmap 0C26DF98, func 7A8423FB
dtor     D               dtor.c:196  _al_register_destructor          [   0.57985] added dtor for sub_bitmap 0C26C020, func 7A8423FB
dtor     D               dtor.c:196  _al_register_destructor          [   0.58023] added dtor for sub_bitmap 0C26B980, func 7A8423FB
dtor     D               dtor.c:196  _al_register_destructor          [   0.58077] added dtor for sub_bitmap 0C26C1C8, func 7A8423FB
dtor     D               dtor.c:196  _al_register_destructor          [   0.58096] added dtor for sub_bitmap 0C26CBB8, func 7A8423FB
dtor     D               dtor.c:196  _al_register_destructor          [   0.58108] added dtor for sub_bitmap 0C26BB28, func 7A8423FB
dtor     D               dtor.c:196  _al_register_destructor          [   0.58119] added dtor for sub_bitmap 0C26E140, func 7A8423FB
dtor     D               dtor.c:196  _al_register_destructor          [   0.58136] added dtor for sub_bitmap 0C26E490, func 7A8423FB
dtor     D               dtor.c:196  _al_register_destructor          [   0.58177] added dtor for sub_bitmap 0C26D750, func 7A8423FB
dtor     D               dtor.c:196  _al_register_destructor          [   0.58203] added dtor for sub_bitmap 0C26CF08, func 7A8423FB
dtor     D               dtor.c:196  _al_register_destructor          [   0.58245] added dtor for sub_bitmap 0C26CD60, func 7A8423FB
dtor     D               dtor.c:196  _al_register_destructor          [   0.58258] added dtor for sub_bitmap 0C26D0B0, func 7A8423FB
dtor     D               dtor.c:196  _al_register_destructor          [   0.58270] added dtor for sub_bitmap 0C26DDF0, func 7A8423FB
dtor     D               dtor.c:196  _al_register_destructor          [   0.58282] added dtor for sub_bitmap 0C26B2E0, func 7A8423FB
dtor     D               dtor.c:196  _al_register_destructor          [   0.58299] added dtor for sub_bitmap 0C26D258, func 7A8423FB
dtor     D               dtor.c:196  _al_register_destructor          [   0.58317] added dtor for sub_bitmap 0C26E2E8, func 7A8423FB
dtor     D               dtor.c:196  _al_register_destructor          [   0.58335] added dtor for sub_bitmap 0C26D400, func 7A8423FB
dtor     D               dtor.c:196  _al_register_destructor          [   0.58352] added dtor for sub_bitmap 0C26B7D8, func 7A8423FB
dtor     D               dtor.c:196  _al_register_destructor          [   0.58367] added dtor for sub_bitmap 0C26C518, func 7A8423FB
dtor     D               dtor.c:196  _al_register_destructor          [   0.58381] added dtor for sub_bitmap 0C26D5A8, func 7A8423FB
dtor     D               dtor.c:196  _al_register_destructor          [   0.58403] added dtor for sub_bitmap 0C26BCD0, func 7A8423FB
dtor     D               dtor.c:196  _al_register_destructor          [   0.58416] added dtor for sub_bitmap 0C26E638, func 7A8423FB
dtor     D               dtor.c:196  _al_register_destructor          [   0.58434] added dtor for sub_bitmap 0C26B488, func 7A8423FB
dtor     D               dtor.c:196  _al_register_destructor          [   0.58450] added dtor for sub_bitmap 0C26C370, func 7A8423FB
dtor     D               dtor.c:196  _al_register_destructor          [   0.58466] added dtor for sub_bitmap 0C26D8F8, func 7A8423FB
dtor     D               dtor.c:196  _al_register_destructor          [   0.58503] added dtor for sub_bitmap 0C26B630, func 7A8423FB
dtor     D               dtor.c:196  _al_register_destructor          [   0.58520] added dtor for sub_bitmap 0C26DAA0, func 7A8423FB
dtor     D               dtor.c:196  _al_register_destructor          [   0.58534] added dtor for sub_bitmap 0C26DC48, func 7A8423FB
dtor     D               dtor.c:196  _al_register_destructor          [   0.58546] added dtor for sub_bitmap 0C26BE78, func 7A8423FB
dtor     D               dtor.c:196  _al_register_destructor          [   0.58563] added dtor for sub_bitmap 0C26C6C0, func 7A8423FB
dtor     D               dtor.c:196  _al_register_destructor          [   0.58580] added dtor for sub_bitmap 0C26C868, func 7A8423FB
dtor     D               dtor.c:227  _al_unregister_destructor        [   0.58596] removed dtor for bitmap 03AD5398
dtor     D               dtor.c:196  _al_register_destructor          [   0.58612] added dtor for font 0C1C3138, func 7A7E11AE
dtor     D               dtor.c:227  _al_unregister_destructor        [   0.58628] removed dtor for bitmap 03AD9328
d3d      D          d3d_bmp.cpp:539  _al_d3d_sync_bitmap              [   2.94325] _al_d3d_sync_bitmap (system) ref count == 1
d3d      D          d3d_bmp.cpp:545  _al_d3d_sync_bitmap              [   2.94347] _al_d3d_sync_bitmap (video) ref count == 1
